26-Dec-2025 06:49:52.201 INFO [main] org.apache.catalina.core.ApplicationContext.log ContextListener: contextInitialized()
26-Dec-2025 06:49:52.201 INFO [main] org.apache.catalina.core.ApplicationContext.log SessionListener: contextInitialized()
26-Dec-2025 06:49:52.203 INFO [main] org.apache.catalina.core.ApplicationContext.log ContextListener: attributeAdded('StockTicker', 'async.Stockticker@1cbc1dde')
26-Dec-2025 06:51:11.839 INFO [main] org.apache.catalina.core.ApplicationContext.log ContextListener: contextInitialized()
26-Dec-2025 06:51:11.842 INFO [main] org.apache.catalina.core.ApplicationContext.log SessionListener: contextInitialized()
26-Dec-2025 06:51:11.844 INFO [main] org.apache.catalina.core.ApplicationContext.log ContextListener: attributeAdded('StockTicker', 'async.Stockticker@2443abd6')
26-Dec-2025 06:51:12.295 INFO [main] org.apache.catalina.core.ApplicationContext.log SessionListener: contextDestroyed()
26-Dec-2025 06:51:12.295 INFO [main] org.apache.catalina.core.ApplicationContext.log ContextListener: contextDestroyed()
26-Dec-2025 06:51:13.599 INFO [main] org.apache.catalina.core.ApplicationContext.log ContextListener: contextInitialized()
26-Dec-2025 06:51:13.599 INFO [main] org.apache.catalina.core.ApplicationContext.log SessionListener: contextInitialized()
26-Dec-2025 06:51:13.601 INFO [main] org.apache.catalina.core.ApplicationContext.log ContextListener: attributeAdded('StockTicker', 'async.Stockticker@79a201cf')
26-Dec-2025 06:51:13.816 INFO [main] org.apache.catalina.core.ApplicationContext.log SessionListener: contextDestroyed()
26-Dec-2025 06:51:13.816 INFO [main] org.apache.catalina.core.ApplicationContext.log ContextListener: contextDestroyed()
26-Dec-2025 06:53:54.197 INFO [main] org.apache.catalina.core.ApplicationContext.log ContextListener: contextInitialized()
26-Dec-2025 06:53:54.197 INFO [main] org.apache.catalina.core.ApplicationContext.log SessionListener: contextInitialized()
26-Dec-2025 06:53:54.199 INFO [main] org.apache.catalina.core.ApplicationContext.log ContextListener: attributeAdded('StockTicker', 'async.Stockticker@653fb8d1')
26-Dec-2025 06:53:54.428 INFO [main] org.apache.catalina.core.ApplicationContext.log SessionListener: contextDestroyed()
26-Dec-2025 06:53:54.428 INFO [main] org.apache.catalina.core.ApplicationContext.log ContextListener: contextDestroyed()
26-Dec-2025 06:54:57.549 INFO [main] org.apache.catalina.core.ApplicationContext.log ContextListener: contextInitialized()
26-Dec-2025 06:54:57.550 INFO [main] org.apache.catalina.core.ApplicationContext.log SessionListener: contextInitialized()
26-Dec-2025 06:54:57.551 INFO [main] org.apache.catalina.core.ApplicationContext.log ContextListener: attributeAdded('StockTicker', 'async.Stockticker@733e6df7')
26-Dec-2025 07:32:38.467 INFO [main] org.apache.catalina.core.ApplicationContext.log ContextListener: contextInitialized()
26-Dec-2025 07:32:38.469 INFO [main] org.apache.catalina.core.ApplicationContext.log SessionListener: contextInitialized()
26-Dec-2025 07:32:38.470 INFO [main] org.apache.catalina.core.ApplicationContext.log ContextListener: attributeAdded('StockTicker', 'async.Stockticker@198536f6')
26-Dec-2025 07:32:38.724 INFO [main] org.apache.catalina.core.ApplicationContext.log SessionListener: contextDestroyed()
26-Dec-2025 07:32:38.724 INFO [main] org.apache.catalina.core.ApplicationContext.log ContextListener: contextDestroyed()
